fujitsu/controller 
fujitsu/controller valid: 3 0 0 0 38 17 0 17 1 17 2 17 3 17 4 17 5 17 6 17 7 17 8 17 9 17 32 17 33 17 68 18 0 18 1 18 2 18 3 18 4 17 65 253 145
fujitsu/ac valid: 3 0 0 0 77 1 17 0 0 0 17 1 0 0 17 2 255 255 17 3 255 255 17 4 255 255 17 5 255 255 17 6 255 255 17 7 255 255 17 8 0 1 17 9 0 0 17 32 0 0 17 33 0 0 17 68 255 255 18 0 0 0 18 1 0 0 18 2 0 0 18 3 0 0 18 4 0 0 17 65 255 255 237 120
fujitsu/controller valid: 3 0 0 0 24 20 0 20 1 20 2 20 3 20 4 20 5 20 6 20 14 32 0 32 32 32 33 240 1 253 143
fujitsu/ac valid: 3 0 0 0 49 1 20 0 0 0 20 1 0 0 20 2 0 0 20 3 0 0 20 4 0 0 20 5 0 0 20 6 0 0 20 14 0 0 32 0 255 255 32 32 27 88 32 33 0 0 240 1 0 0 251 4
fujitsu/controller valid: 3 0 0 0 26 16 0 16 1 16 2 16 3 16 16 16 17 16 160 16 34 16 35 16 169 16 49 16 51 16 52 252 197
fujitsu/ac valid: 3 0 0 0 53 1 16 0 0 1 16 1 0 1 16 2 0 250 16 3 0 0 16 16 0 1 16 17 0 0 16 160 0 1 16 34 255 255 16 35 255 255 16 169 255 255 16 49 0 0 16 51 29 126 16 52 0 0 245 22
fujitsu/controller valid: 3 0 0 0 38 17 0 17 1 17 2 17 3 17 4 17 5 17 6 17 7 17 8 17 9 17 32 17 33 17 68 18 0 18 1 18 2 18 3 18 4 17 65 253 145
fujitsu/ac valid: 3 0 0 0 77 1 17 0 0 0 17 1 0 0 17 2 255 255 17 3 255 255 17 4 255 255 17 5 255 255 17 6 255 255 17 7 255 255 17 8 0 1 17 9 0 0 17 32 0 0 17 33 0 0 17 68 255 255 18 0 0 0 18 1 0 0 18 2 0 0 18 3 0 0 18 4 0 0 17 65 255 255 237 120
fujitsu/controller valid: 3 0 0 0 24 20 0 20 1 20 2 20 3 20 4 20 5 20 6 20 14 32 0 32 32 32 33 240 1 253 143
fujitsu/ac valid: 3 0 0 0 49 1 20 0 0 0 20 1 0 0 20 2 0 0 20 3 0 0 20 4 0 0 20 5 0 0 20 6 0 0 20 14 0 0 32 0 255 255 32 32 27 88 32 33 0 0 240 1 0 0 251 4
fujitsu/controller valid: 3 0 0 0 26 16 0 16 1 16 2 16 3 16 16 16 17 16 160 16 34 16 35 16 169 16 49 16 51 16 52 252 197
fujitsu/ac valid: 3 0 0 0 53 1 16 0 0 1 16 1 0 1 16 2 0 250 16 3 0 0 16 16 0 1 16 17 0 0 16 160 0 1 16 34 255 255 16 35 255 255 16 169 255 255 16 49 0 0 16 51 29 126 16 52 0 0 245 22
fujitsu/controller valid: 3 0 0 0 38 17 0 17 1 17 2 17 3 17 4 17 5 17 6 17 7 17 8 17 9 17 32 17 33 17 68 18 0 18 1 18 2 18 3 18 4 17 65 253 145
fujitsu/ac valid: 3 0 0 0 77 1 17 0 0 0 17 1 0 0 17 2 255 255 17 3 255 255 17 4 255 255 17 5 255 255 17 6 255 255 17 7 255 255 17 8 0 1 17 9 0 0 17 32 0 0 17 33 0 0 17 68 255 255 18 0 0 0 18 1 0 0 18 2 0 0 18 3 0 0 18 4 0 0 17 65 255 255 237 120
fujitsu/controller valid: 3 0 0 0 24 20 0 20 1 20 2 20 3 20 4 20 5 20 6 20 14 32 0 32 32 32 33 240 1 253 143
fujitsu/ac valid: 3 0 0 0 49 1 20 0 0 0 20 1 0 0 20 2 0 0 20 3 0 0 20 4 0 0 20 5 0 0 20 6 0 0 20 14 0 0 32 0 255 255 32 32 27 88 32 33 0 0 240 1 0 0 251 4
fujitsu/controller valid: 3 0 0 0 26 16 0 16 1 16 2 16 3 16 16 16 17 16 160 16 34 16 35 16 169 16 49 16 51 16 52 252 197
fujitsu/ac valid: 3 0 0 0 53 1 16 0 0 1 16 1 0 1 16 2 0 250 16 3 0 0 16 16 0 1 16 17 0 0 16 160 0 1 16 34 255 255 16 35 255 255 16 169 255 255 16 49 0 0 16 51 29 126 16 52 0 0 245 22
fujitsu/controller valid: 3 0 0 0 38 17 0 17 1 17 2 17 3 17 4 17 5 17 6 17 7 17 8 17 9 17 32 17 33 17 68 18 0 18 1 18 2 18 3 18 4 17 65 253 145
fujitsu/ac valid: 3 0 0 0 77 1 17 0 0 0 17 1 0 0 17 2 255 255 17 3 255 255 17 4 255 255 17 5 255 255 17 6 255 255 17 7 255 255 17 8 0 1 17 9 0 0 17 32 0 0 17 33 0 0 17 68 255 255 18 0 0 0 18 1 0 0 18 2 0 0 18 3 0 0 18 4 0 0 17 65 255 255 237 120
fujitsu/controller valid: 3 0 0 0 24 20 0 20 1 20 2 20 3 20 4 20 5 20 6 20 14 32 0 32 32 32 33 240 1 253 143
fujitsu/ac valid: 3 0 0 0 49 1 20 0 0 0 20 1 0 0 20 2 0 0 20 3 0 0 20 4 0 0 20 5 0 0 20 6 0 0 20 14 0 0 32 0 255 255 32 32 27 88 32 33 0 0 240 1 0 0 251 4
fujitsu/controller valid: 3 0 0 0 26 16 0 16 1 16 2 16 3 16 16 16 17 16 160 16 34 16 35 16 169 16 49 16 51 16 52 252 197
fujitsu/ac valid: 3 0 0 0 53 1 16 0 0 1 16 1 0 1 16 2 0 250 16 3 0 0 16 16 0 1 16 17 0 0 16 160 0 1 16 34 255 255 16 35 255 255 16 169 255 255 16 49 0 0 16 51 29 126 16 52 0 0 245 22
fujitsu/controller valid: 3 0 0 0 38 17 0 17 1 17 2 17 3 17 4 17 5 17 6 17 7 17 8 17 9 17 32 17 33 17 68 18 0 18 1 18 2 18 3 18 4 17 65 253 145
fujitsu/ac valid: 3 0 0 0 77 1 17 0 0 0 17 1 0 0 17 2 255 255 17 3 255 255 17 4 255 255 17 5 255 255 17 6 255 255 17 7 255 255 17 8 0 1 17 9 0 0 17 32 0 0 17 33 0 0 17 68 255 255 18 0 0 0 18 1 0 0 18 2 0 0 18 3 0 0 18 4 0 0 17 65 255 255 237 120
fujitsu/controller valid: 3 0 0 0 24 20 0 20 1 20 2 20 3 20 4 20 5 20 6 20 14 32 0 32 32 32 33 240 1 253 143
fujitsu/ac valid: 3 0 0 0 49 1 20 0 0 0 20 1 0 0 20 2 0 0 20 3 0 0 20 4 0 0 20 5 0 0 20 6 0 0 20 14 0 0 32 0 255 255 32 32 27 88 32 33 0 0 240 1 0 0 251 4
fujitsu/controller valid: 3 0 0 0 26 16 0 16 1 16 2 16 3 16 16 16 17 16 160 16 34 16 35 16 169 16 49 16 51 16 52 252 197
fujitsu/ac valid: 3 0 0 0 53 1 16 0 0 1 16 1 0 1 16 2 0 250 16 3 0 0 16 16 0 1 16 17 0 0 16 160 0 1 16 34 255 255 16 35 255 255 16 169 255 255 16 49 0 0 16 51 29 126 16 52 0 0 245 22
fujitsu/controller valid: 3 0 0 0 38 17 0 17 1 17 2 17 3 17 4 17 5 17 6 17 7 17 8 17 9 17 32 17 33 17 68 18 0 18 1 18 2 18 3 18 4 17 65 253 145
fujitsu/ac valid: 3 0 0 0 77 1 17 0 0 0 17 1 0 0 17 2 255 255 17 3 255 255 17 4 255 255 17 5 255 255 17 6 255 255 17 7 255 255 17 8 0 1 17 9 0 0 17 32 0 0 17 33 0 0 17 68 255 255 18 0 0 0 18 1 0 0 18 2 0 0 18 3 0 0 18 4 0 0 17 65 255 255 237 120
fujitsu/controller valid: 3 0 0 0 24 20 0 20 1 20 2 20 3 20 4 20 5 20 6 20 14 32 0 32 32 32 33 240 1 253 143
fujitsu/ac valid: 3 0 0 0 49 1 20 0 0 0 20 1 0 0 20 2 0 0 20 3 0 0 20 4 0 0 20 5 0 0 20 6 0 0 20 14 0 0 32 0 255 255 32 32 27 88 32 33 0 0 240 1 0 0 251 4
fujitsu/controller valid: 3 0 0 0 26 16 0 16 1 16 2 16 3 16 16 16 17 16 160 16 34 16 35 16 169 16 49 16 51 16 52 252 197
fujitsu/ac valid: 3 0 0 0 53 1 16 0 0 1 16 1 0 1 16 2 0 250 16 3 0 0 16 16 0 1 16 17 0 0 16 160 0 1 16 34 255 255 16 35 255 255 16 169 255 255 16 49 0 0 16 51 29 126 16 52 0 0 245 22
fujitsu/controller valid: 3 0 0 0 38 17 0 17 1 17 2 17 3 17 4 17 5 17 6 17 7 17 8 17 9 17 32 17 33 17 68 18 0 18 1 18 2 18 3 18 4 17 65 253 145
fujitsu/ac valid: 3 0 0 0 77 1 17 0 0 0 17 1 0 0 17 2 255 255 17 3 255 255 17 4 255 255 17 5 255 255 17 6 255 255 17 7 255 255 17 8 0 1 17 9 0 0 17 32 0 0 17 33 0 0 17 68 255 255 18 0 0 0 18 1 0 0 18 2 0 0 18 3 0 0 18 4 0 0 17 65 255 255 237 120
fujitsu/controller valid: 3 0 0 0 24 20 0 20 1 20 2 20 3 20 4 20 5 20 6 20 14 32 0 32 32 32 33 240 1 253 143
fujitsu/ac valid: 3 0 0 0 49 1 20 0 0 0 20 1 0 0 20 2 0 0 20 3 0 0 20 4 0 0 20 5 0 0 20 6 0 0 20 14 0 0 32 0 255 255 32 32 27 88 32 33 0 0 240 1 0 0 251 4
fujitsu/controller valid: 3 0 0 0 26 16 0 16 1 16 2 16 3 16 16 16 17 16 160 16 34 16 35 16 169 16 49 16 51 16 52 252 197
fujitsu/ac valid: 3 0 0 0 53 1 16 0 0 1 16 1 0 1 16 2 0 250 16 3 0 0 16 16 0 1 16 17 0 0 16 160 0 1 16 34 255 255 16 35 255 255 16 169 255 255 16 49 0 0 16 51 29 126 16 52 0 0 245 22
fujitsu/controller valid: 2 0 0 0 4 16 2 0 220 255 11
fujitsu/ac valid: 2 0 0 0 1 1 255 251
fujitsu/controller valid: 3 0 0 0 2 16 2 255 232
fujitsu/ac valid: 3 0 0 0 5 1 16 2 0 220 255 8
fujitsu/controller valid: 3 0 0 0 38 17 0 17 1 17 2 17 3 17 4 17 5 17 6 17 7 17 8 17 9 17 32 17 33 17 68 18 0 18 1 18 2 18 3 18 4 17 65 253 145
fujitsu/ac valid: 3 0 0 0 77 1 17 0 0 0 17 1 0 0 17 2 255 255 17 3 255 255 17 4 255 255 17 5 255 255 17 6 255 255 17 7 255 255 17 8 0 1 17 9 0 0 17 32 0 0 17 33 0 0 17 68 255 255 18 0 0 0 18 1 0 0 18 2 0 0 18 3 0 0 18 4 0 0 17 65 255 255 237 120
fujitsu/controller valid: 3 0 0 0 24 20 0 20 1 20 2 20 3 20 4 20 5 20 6 20 14 32 0 32 32 32 33 240 1 253 143
fujitsu/ac valid: 3 0 0 0 49 1 20 0 0 0 20 1 0 0 20 2 0 0 20 3 0 0 20 4 0 0 20 5 0 0 20 6 0 0 20 14 0 0 32 0 255 255 32 32 27 88 32 33 0 0 240 1 0 0 251 4
fujitsu/controller valid: 3 0 0 0 26 16 0 16 1 16 2 16 3 16 16 16 17 16 160 16 34 16 35 16 169 16 49 16 51 16 52 252 197
fujitsu/ac valid: 3 0 0 0 53 1 16 0 0 1 16 1 0 1 16 2 0 220 16 3 0 0 16 16 0 1 16 17 0 0 16 160 0 1 16 34 255 255 16 35 255 255 16 169 255 255 16 49 0 0 16 51 29 126 16 52 0 0 245 52
fujitsu/controller valid: 3 0 0 0 38 17 0 17 1 17 2 17 3 17 4 17 5 17 6 17 7 17 8 17 9 17 32 17 33 17 68 18 0 18 1 18 2 18 3 18 4 17 65 253 145
fujitsu/ac valid: 3 0 0 0 77 1 17 0 0 0 17 1 0 0 17 2 255 255 17 3 255 255 17 4 255 255 17 5 255 255 17 6 255 255 17 7 255 255 17 8 0 1 17 9 0 0 17 32 0 0 17 33 0 0 17 68 255 255 18 0 0 0 18 1 0 0 18 2 0 0 18 3 0 0 18 4 0 0 17 65 255 255 237 120
fujitsu/controller valid: 3 0 0 0 24 20 0 20 1 20 2 20 3 20 4 20 5 20 6 20 14 32 0 32 32 32 33 240 1 253 143
fujitsu/ac valid: 3 0 0 0 49 1 20 0 0 0 20 1 0 0 20 2 0 0 20 3 0 0 20 4 0 0 20 5 0 0 20 6 0 0 20 14 0 0 32 0 255 255 32 32 27 88 32 33 0 0 240 1 0 0 251 4
fujitsu/controller valid: 3 0 0 0 26 16 0 16 1 16 2 16 3 16 16 16 17 16 160 16 34 16 35 16 169 16 49 16 51 16 52 252 197
fujitsu/ac valid: 3 0 0 0 53 1 16 0 0 1 16 1 0 1 16 2 0 220 16 3 0 0 16 16 0 1 16 17 0 0 16 160 0 1 16 34 255 255 16 35 255 255 16 169 255 255 16 49 0 0 16 51 29 126 16 52 0 0 245 52
fujitsu/controller valid: 3 0 0 0 38 17 0 17 1 17 2 17 3 17 4 17 5 17 6 17 7 17 8 17 9 17 32 17 33 17 68 18 0 18 1 18 2 18 3 18 4 17 65 253 145
fujitsu/ac valid: 3 0 0 0 77 1 17 0 0 0 17 1 0 0 17 2 255 255 17 3 255 255 17 4 255 255 17 5 255 255 17 6 255 255 17 7 255 255 17 8 0 1 17 9 0 0 17 32 0 0 17 33 0 0 17 68 255 255 18 0 0 0 18 1 0 0 18 2 0 0 18 3 0 0 18 4 0 0 17 65 255 255 237 120
fujitsu/controller valid: 3 0 0 0 24 20 0 20 1 20 2 20 3 20 4 20 5 20 6 20 14 32 0 32 32 32 33 240 1 253 143
fujitsu/ac valid: 3 0 0 0 49 1 20 0 0 0 20 1 0 0 20 2 0 0 20 3 0 0 20 4 0 0 20 5 0 0 20 6 0 0 20 14 0 0 32 0 255 255 32 32 27 88 32 33 0 0 240 1 0 0 251 4
fujitsu/controller valid: 3 0 0 0 26 16 0 16 1 16 2 16 3 16 16 16 17 16 160 16 34 16 35 16 169 16 49 16 51 16 52 252 197
fujitsu/ac valid: 3 0 0 0 53 1 16 0 0 1 16 1 0 1 16 2 0 220 16 3 0 0 16 16 0 1 16 17 0 0 16 160 0 1 16 34 255 255 16 35 255 255 16 169 255 255 16 49 0 0 16 51 29 126 16 52 0 0 245 52
fujitsu/controller valid: 3 0 0 0 38 17 0 17 1 17 2 17 3 17 4 17 5 17 6 17 7 17 8 17 9 17 32 17 33 17 68 18 0 18 1 18 2 18 3 18 4 17 65 253 145
fujitsu/ac valid: 3 0 0 0 77 1 17 0 0 0 17 1 0 0 17 2 255 255 17 3 255 255 17 4 255 255 17 5 255 255 17 6 255 255 17 7 255 255 17 8 0 1 17 9 0 0 17 32 0 0 17 33 0 0 17 68 255 255 18 0 0 0 18 1 0 0 18 2 0 0 18 3 0 0 18 4 0 0 17 65 255 255 237 120
fujitsu/controller valid: 3 0 0 0 24 20 0 20 1 20 2 20 3 20 4 20 5 20 6 20 14 32 0 32 32 32 33 240 1 253 143
fujitsu/ac valid: 3 0 0 0 49 1 20 0 0 0 20 1 0 0 20 2 0 0 20 3 0 0 20 4 0 0 20 5 0 0 20 6 0 0 20 14 0 0 32 0 255 255 32 32 27 88 32 33 0 0 240 1 0 0 251 4
fujitsu/controller valid: 3 0 0 0 26 16 0 16 1 16 2 16 3 16 16 16 17 16 160 16 34 16 35 16 169 16 49 16 51 16 52 252 197
fujitsu/ac valid: 3 0 0 0 53 1 16 0 0 1 16 1 0 1 16 2 0 220 16 3 0 0 16 16 0 1 16 17 0 0 16 160 0 1 16 34 255 255 16 35 255 255 16 169 255 255 16 49 0 0 16 51 29 126 16 52 0 0 245 52
fujitsu/controller valid: 3 0 0 0 38 17 0 17 1 17 2 17 3 17 4 17 5 17 6 17 7 17 8 17 9 17 32 17 33 17 68 18 0 18 1 18 2 18 3 18 4 17 65 253 145
fujitsu/ac valid: 3 0 0 0 77 1 17 0 0 0 17 1 0 0 17 2 255 255 17 3 255 255 17 4 255 255 17 5 255 255 17 6 255 255 17 7 255 255 17 8 0 1 17 9 0 0 17 32 0 0 17 33 0 0 17 68 255 255 18 0 0 0 18 1 0 0 18 2 0 0 18 3 0 0 18 4 0 0 17 65 255 255 237 120
fujitsu/controller valid: 3 0 0 0 24 20 0 20 1 20 2 20 3 20 4 20 5 20 6 20 14 32 0 32 32 32 33 240 1 253 143
fujitsu/ac valid: 3 0 0 0 49 1 20 0 0 0 20 1 0 0 20 2 0 0 20 3 0 0 20 4 0 0 20 5 0 0 20 6 0 0 20 14 0 0 32 0 255 255 32 32 27 88 32 33 0 0 240 1 0 0 251 4
fujitsu/controller valid: 3 0 0 0 26 16 0 16 1 16 2 16 3 16 16 16 17 16 160 16 34 16 35 16 169 16 49 16 51 16 52 252 197
fujitsu/ac valid: 3 0 0 0 53 1 16 0 0 1 16 1 0 1 16 2 0 220 16 3 0 0 16 16 0 1 16 17 0 0 16 160 0 1 16 34 255 255 16 35 255 255 16 169 255 255 16 49 0 0 16 51 29 126 16 52 0 0 245 52
fujitsu/controller valid: 3 0 0 0 38 17 0 17 1 17 2 17 3 17 4 17 5 17 6 17 7 17 8 17 9 17 32 17 33 17 68 18 0 18 1 18 2 18 3 18 4 17 65 253 145
fujitsu/ac valid: 3 0 0 0 77 1 17 0 0 0 17 1 0 0 17 2 255 255 17 3 255 255 17 4 255 255 17 5 255 255 17 6 255 255 17 7 255 255 17 8 0 1 17 9 0 0 17 32 0 0 17 33 0 0 17 68 255 255 18 0 0 0 18 1 0 0 18 2 0 0 18 3 0 0 18 4 0 0 17 65 255 255 237 120
fujitsu/controller valid: 3 0 0 0 24 20 0 20 1 20 2 20 3 20 4 20 5 20 6 20 14 32 0 32 32 32 33 240 1 253 143
fujitsu/ac valid: 3 0 0 0 49 1 20 0 0 0 20 1 0 0 20 2 0 0 20 3 0 0 20 4 0 0 20 5 0 0 20 6 0 0 20 14 0 0 32 0 255 255 32 32 27 88 32 33 0 0 240 1 0 0 251 4
fujitsu/controller valid: 3 0 0 0 26 16 0 16 1 16 2 16 3 16 16 16 17 16 160 16 34 16 35 16 169 16 49 16 51 16 52 252 197
fujitsu/ac valid: 3 0 0 0 53 1 16 0 0 1 16 1 0 1 16 2 0 220 16 3 0 0 16 16 0 1 16 17 0 0 16 160 0 1 16 34 255 255 16 35 255 255 16 169 255 255 16 49 0 0 16 51 29 126 16 52 0 0 245 52
fujitsu/controller valid: 3 0 0 0 38 17 0 17 1 17 2 17 3 17 4 17 5 17 6 17 7 17 8 17 9 17 32 17 33 17 68 18 0 18 1 18 2 18 3 18 4 17 65 253 145
fujitsu/ac valid: 3 0 0 0 77 1 17 0 0 0 17 1 0 0 17 2 255 255 17 3 255 255 17 4 255 255 17 5 255 255 17 6 255 255 17 7 255 255 17 8 0 1 17 9 0 0 17 32 0 0 17 33 0 0 17 68 255 255 18 0 0 0 18 1 0 0 18 2 0 0 18 3 0 0 18 4 0 0 17 65 255 255 237 120
fujitsu/controller valid: 3 0 0 0 24 20 0 20 1 20 2 20 3 20 4 20 5 20 6 20 14 32 0 32 32 32 33 240 1 253 143
fujitsu/ac valid: 3 0 0 0 49 1 20 0 0 0 20 1 0 0 20 2 0 0 20 3 0 0 20 4 0 0 20 5 0 0 20 6 0 0 20 14 0 0 32 0 255 255 32 32 27 88 32 33 0 0 240 1 0 0 251 4
fujitsu/controller valid: 3 0 0 0 26 16 0 16 1 16 2 16 3 16 16 16 17 16 160 16 34 16 35 16 169 16 49 16 51 16 52 252 197
fujitsu/ac valid: 3 0 0 0 53 1 16 0 0 1 16 1 0 1 16 2 0 220 16 3 0 0 16 16 0 1 16 17 0 0 16 160 0 1 16 34 255 255 16 35 255 255 16 169 255 255 16 49 0 0 16 51 29 126 16 52 0 0 245 52
fujitsu/controller valid: 2 0 0 0 4 16 2 0 180 255 51
fujitsu/ac valid: 2 0 0 0 1 1 255 251
fujitsu/controller valid: 3 0 0 0 2 16 2 255 232
fujitsu/ac valid: 3 0 0 0 5 1 16 2 0 180 255 48
fujitsu/controller valid: 3 0 0 0 38 17 0 17 1 17 2 17 3 17 4 17 5 17 6 17 7 17 8 17 9 17 32 17 33 17 68 18 0 18 1 18 2 18 3 18 4 17 65 253 145
fujitsu/ac valid: 3 0 0 0 77 1 17 0 0 0 17 1 0 0 17 2 255 255 17 3 255 255 17 4 255 255 17 5 255 255 17 6 255 255 17 7 255 255 17 8 0 1 17 9 0 0 17 32 0 0 17 33 0 0 17 68 255 255 18 0 0 0 18 1 0 0 18 2 0 0 18 3 0 0 18 4 0 0 17 65 255 255 237 120
fujitsu/controller valid: 3 0 0 0 24 20 0 20 1 20 2 20 3 20 4 20 5 20 6 20 14 32 0 32 32 32 33 240 1 253 143
fujitsu/ac valid: 3 0 0 0 49 1 20 0 0 0 20 1 0 0 20 2 0 0 20 3 0 0 20 4 0 0 20 5 0 0 20 6 0 0 20 14 0 0 32 0 255 255 32 32 27 88 32 33 0 0 240 1 0 0 251 4
fujitsu/controller valid: 3 0 0 0 26 16 0 16 1 16 2 16 3 16 16 16 17 16 160 16 34 16 35 16 169 16 49 16 51 16 52 252 197
fujitsu/ac valid: 3 0 0 0 53 1 16 0 0 1 16 1 0 1 16 2 0 180 16 3 0 0 16 16 0 1 16 17 0 0 16 160 0 1 16 34 255 255 16 35 255 255 16 169 255 255 16 49 0 0 16 51 29 126 16 52 0 0 245 92
fujitsu/controller valid: 3 0 0 0 38 17 0 17 1 17 2 17 3 17 4 17 5 17 6 17 7 17 8 17 9 17 32 17 33 17 68 18 0 18 1 18 2 18 3 18 4 17 65 253 145
fujitsu/ac valid: 3 0 0 0 77 1 17 0 0 0 17 1 0 0 17 2 255 255 17 3 255 255 17 4 255 255 17 5 255 255 17 6 255 255 17 7 255 255 17 8 0 1 17 9 0 0 17 32 0 0 17 33 0 0 17 68 255 255 18 0 0 0 18 1 0 0 18 2 0 0 18 3 0 0 18 4 0 0 17 65 255 255 237 120
fujitsu/controller valid: 3 0 0 0 24 20 0 20 1 20 2 20 3 20 4 20 5 20 6 20 14 32 0 32 32 32 33 240 1 253 143
fujitsu/ac valid: 3 0 0 0 49 1 20 0 0 0 20 1 0 0 20 2 0 0 20 3 0 0 20 4 0 0 20 5 0 0 20 6 0 0 20 14 0 0 32 0 255 255 32 32 27 88 32 33 0 0 240 1 0 0 251 4
fujitsu/controller valid: 3 0 0 0 26 16 0 16 1 16 2 16 3 16 16 16 17 16 160 16 34 16 35 16 169 16 49 16 51 16 52 252 197
fujitsu/ac valid: 3 0 0 0 53 1 16 0 0 1 16 1 0 1 16 2 0 180 16 3 0 0 16 16 0 1 16 17 0 0 16 160 0 1 16 34 255 255 16 35 255 255 16 169 255 255 16 49 0 0 16 51 29 126 16 52 0 0 245 92
fujitsu/controller valid: 3 0 0 0 38 17 0 17 1 17 2 17 3 17 4 17 5 17 6 17 7 17 8 17 9 17 32 17 33 17 68 18 0 18 1 18 2 18 3 18 4 17 65 253 145
fujitsu/ac valid: 3 0 0 0 77 1 17 0 0 0 17 1 0 0 17 2 255 255 17 3 255 255 17 4 255 255 17 5 255 255 17 6 255 255 17 7 255 255 17 8 0 1 17 9 0 0 17 32 0 0 17 33 0 0 17 68 255 255 18 0 0 0 18 1 0 0 18 2 0 0 18 3 0 0 18 4 0 0 17 65 255 255 237 120
fujitsu/controller valid: 3 0 0 0 24 20 0 20 1 20 2 20 3 20 4 20 5 20 6 20 14 32 0 32 32 32 33 240 1 253 143
fujitsu/ac valid: 3 0 0 0 49 1 20 0 0 0 20 1 0 0 20 2 0 0 20 3 0 0 20 4 0 0 20 5 0 0 20 6 0 0 20 14 0 0 32 0 255 255 32 32 27 88 32 33 0 0 240 1 0 0 251 4
fujitsu/controller valid: 3 0 0 0 26 16 0 16 1 16 2 16 3 16 16 16 17 16 160 16 34 16 35 16 169 16 49 16 51 16 52 252 197
fujitsu/ac valid: 3 0 0 0 53 1 16 0 0 1 16 1 0 1 16 2 0 180 16 3 0 0 16 16 0 1 16 17 0 0 16 160 0 1 16 34 255 255 16 35 255 255 16 169 255 255 16 49 0 0 16 51 29 126 16 52 0 0 245 92
fujitsu/controller valid: 3 0 0 0 38 17 0 17 1 17 2 17 3 17 4 17 5 17 6 17 7 17 8 17 9 17 32 17 33 17 68 18 0 18 1 18 2 18 3 18 4 17 65 253 145
fujitsu/ac valid: 3 0 0 0 77 1 17 0 0 0 17 1 0 0 17 2 255 255 17 3 255 255 17 4 255 255 17 5 255 255 17 6 255 255 17 7 255 255 17 8 0 1 17 9 0 0 17 32 0 0 17 33 0 0 17 68 255 255 18 0 0 0 18 1 0 0 18 2 0 0 18 3 0 0 18 4 0 0 17 65 255 255 237 120
fujitsu/controller valid: 3 0 0 0 24 20 0 20 1 20 2 20 3 20 4 20 5 20 6 20 14 32 0 32 32 32 33 240 1 253 143
fujitsu/ac valid: 3 0 0 0 49 1 20 0 0 0 20 1 0 0 20 2 0 0 20 3 0 0 20 4 0 0 20 5 0 0 20 6 0 0 20 14 0 0 32 0 255 255 32 32 27 88 32 33 0 0 240 1 0 0 251 4
fujitsu/controller valid: 3 0 0 0 26 16 0 16 1 16 2 16 3 16 16 16 17 16 160 16 34 16 35 16 169 16 49 16 51 16 52 252 197
fujitsu/ac valid: 3 0 0 0 53 1 16 0 0 1 16 1 0 1 16 2 0 180 16 3 0 0 16 16 0 1 16 17 0 0 16 160 0 1 16 34 255 255 16 35 255 255 16 169 255 255 16 49 0 0 16 51 29 126 16 52 0 0 245 92
fujitsu/controller valid: 3 0 0 0 38 17 0 17 1 17 2 17 3 17 4 17 5 17 6 17 7 17 8 17 9 17 32 17 33 17 68 18 0 18 1 18 2 18 3 18 4 17 65 253 145
fujitsu/ac valid: 3 0 0 0 77 1 17 0 0 0 17 1 0 0 17 2 255 255 17 3 255 255 17 4 255 255 17 5 255 255 17 6 255 255 17 7 255 255 17 8 0 1 17 9 0 0 17 32 0 0 17 33 0 0 17 68 255 255 18 0 0 0 18 1 0 0 18 2 0 0 18 3 0 0 18 4 0 0 17 65 255 255 237 120
fujitsu/controller valid: 3 0 0 0 24 20 0 20 1 20 2 20 3 20 4 20 5 20 6 20 14 32 0 32 32 32 33 240 1 253 143
fujitsu/ac valid: 3 0 0 0 49 1 20 0 0 0 20 1 0 0 20 2 0 0 20 3 0 0 20 4 0 0 20 5 0 0 20 6 0 0 20 14 0 0 32 0 255 255 32 32 27 88 32 33 0 0 240 1 0 0 251 4
fujitsu/controller valid: 3 0 0 0 26 16 0 16 1 16 2 16 3 16 16 16 17 16 160 16 34 16 35 16 169 16 49 16 51 16 52 252 197
fujitsu/ac valid: 3 0 0 0 53 1 16 0 0 1 16 1 0 1 16 2 0 180 16 3 0 0 16 16 0 1 16 17 0 0 16 160 0 1 16 34 255 255 16 35 255 255 16 169 255 255 16 49 0 0 16 51 29 126 16 52 0 0 245 92
fujitsu/controller valid: 3 0 0 0 38 17 0 17 1 17 2 17 3 17 4 17 5 17 6 17 7 17 8 17 9 17 32 17 33 17 68 18 0 18 1 18 2 18 3 18 4 17 65 253 145
fujitsu/ac valid: 3 0 0 0 77 1 17 0 0 0 17 1 0 0 17 2 255 255 17 3 255 255 17 4 255 255 17 5 255 255 17 6 255 255 17 7 255 255 17 8 0 1 17 9 0 0 17 32 0 0 17 33 0 0 17 68 255 255 18 0 0 0 18 1 0 0 18 2 0 0 18 3 0 0 18 4 0 0 17 65 255 255 237 120
fujitsu/controller valid: 3 0 0 0 24 20 0 20 1 20 2 20 3 20 4 20 5 20 6 20 14 32 0 32 32 32 33 240 1 253 143
fujitsu/ac valid: 3 0 0 0 49 1 20 0 0 0 20 1 0 0 20 2 0 0 20 3 0 0 20 4 0 0 20 5 0 0 20 6 0 0 20 14 0 0 32 0 255 255 32 32 27 88 32 33 0 0 240 1 0 0 251 4
fujitsu/controller valid: 3 0 0 0 26 16 0 16 1 16 2 16 3 16 16 16 17 16 160 16 34 16 35 16 169 16 49 16 51 16 52 252 197
fujitsu/ac valid: 3 0 0 0 53 1 16 0 0 1 16 1 0 1 16 2 0 180 16 3 0 0 16 16 0 1 16 17 0 0 16 160 0 1 16 34 255 255 16 35 255 255 16 169 255 255 16 49 0 0 16 51 29 126 16 52 0 0 245 92
fujitsu/controller valid: 3 0 0 0 38 17 0 17 1 17 2 17 3 17 4 17 5 17 6 17 7 17 8 17 9 17 32 17 33 17 68 18 0 18 1 18 2 18 3 18 4 17 65 253 145
fujitsu/ac valid: 3 0 0 0 77 1 17 0 0 0 17 1 0 0 17 2 255 255 17 3 255 255 17 4 255 255 17 5 255 255 17 6 255 255 17 7 255 255 17 8 0 1 17 9 0 0 17 32 0 0 17 33 0 0 17 68 255 255 18 0 0 0 18 1 0 0 18 2 0 0 18 3 0 0 18 4 0 0 17 65 255 255 237 120
fujitsu/controller valid: 3 0 0 0 24 20 0 20 1 20 2 20 3 20 4 20 5 20 6 20 14 32 0 32 32 32 33 240 1 253 143
fujitsu/ac valid: 3 0 0 0 49 1 20 0 0 0 20 1 0 0 20 2 0 0 20 3 0 0 20 4 0 0 20 5 0 0 20 6 0 0 20 14 0 0 32 0 255 255 32 32 27 88 32 33 0 0 240 1 0 0 251 4
fujitsu/controller valid: 3 0 0 0 26 16 0 16 1 16 2 16 3 16 16 16 17 16 160 16 34 16 35 16 169 16 49 16 51 16 52 252 197
fujitsu/ac valid: 3 0 0 0 53 1 16 0 0 1 16 1 0 1 16 2 0 180 16 3 0 0 16 16 0 1 16 17 0 0 16 160 0 1 16 34 255 255 16 35 255 255 16 169 255 255 16 49 0 0 16 51 29 126 16 52 0 0 245 92
fujitsu/controller valid: 3 0 0 0 38 17 0 17 1 17 2 17 3 17 4 17 5 17 6 17 7 17 8 17 9 17 32 17 33 17 68 18 0 18 1 18 2 18 3 18 4 17 65 253 145
fujitsu/ac valid: 3 0 0 0 77 1 17 0 0 0 17 1 0 0 17 2 255 255 17 3 255 255 17 4 255 255 17 5 255 255 17 6 255 255 17 7 255 255 17 8 0 1 17 9 0 0 17 32 0 0 17 33 0 0 17 68 255 255 18 0 0 0 18 1 0 0 18 2 0 0 18 3 0 0 18 4 0 0 17 65 255 255 237 120
fujitsu/controller valid: 3 0 0 0 24 20 0 20 1 20 2 20 3 20 4 20 5 20 6 20 14 32 0 32 32 32 33 240 1 253 143
fujitsu/ac valid: 3 0 0 0 49 1 20 0 0 0 20 1 0 0 20 2 0 0 20 3 0 0 20 4 0 0 20 5 0 0 20 6 0 0 20 14 0 0 32 0 255 255 32 32 27 88 32 33 0 0 240 1 0 0 251 4
fujitsu/controller valid: 3 0 0 0 26 16 0 16 1 16 2 16 3 16 16 16 17 16 160 16 34 16 35 16 169 16 49 16 51 16 52 252 197
fujitsu/ac valid: 3 0 0 0 53 1 16 0 0 1 16 1 0 1 16 2 0 180 16 3 0 0 16 16 0 1 16 17 0 0 16 160 0 1 16 34 255 255 16 35 255 255 16 169 255 255 16 49 0 0 16 51 29 126 16 52 0 0 245 92
fujitsu/controller valid: 3 0 0 0 38 17 0 17 1 17 2 17 3 17 4 17 5 17 6 17 7 17 8 17 9 17 32 17 33 17 68 18 0 18 1 18 2 18 3 18 4 17 65 253 145
fujitsu/ac valid: 3 0 0 0 77 1 17 0 0 0 17 1 0 0 17 2 255 255 17 3 255 255 17 4 255 255 17 5 255 255 17 6 255 255 17 7 255 255 17 8 0 1 17 9 0 0 17 32 0 0 17 33 0 0 17 68 255 255 18 0 0 0 18 1 0 0 18 2 0 0 18 3 0 0 18 4 0 0 17 65 255 255 237 120
fujitsu/controller valid: 3 0 0 0 24 20 0 20 1 20 2 20 3 20 4 20 5 20 6 20 14 32 0 32 32 32 33 240 1 253 143
fujitsu/ac valid: 3 0 0 0 49 1 20 0 0 0 20 1 0 0 20 2 0 0 20 3 0 0 20 4 0 0 20 5 0 0 20 6 0 0 20 14 0 0 32 0 255 255 32 32 27 88 32 33 0 0 240 1 0 0 251 4
fujitsu/controller valid: 3 0 0 0 26 16 0 16 1 16 2 16 3 16 16 16 17 16 160 16 34 16 35 16 169 16 49 16 51 16 52 252 197
fujitsu/ac valid: 3 0 0 0 53 1 16 0 0 1 16 1 0 1 16 2 0 180 16 3 0 0 16 16 0 1 16 17 0 0 16 160 0 1 16 34 255 255 16 35 255 255 16 169 255 255 16 49 0 0 16 51 29 126 16 52 0 0 245 92
fujitsu/controller valid: 2 0 0 0 4 16 2 1 44 255 186
fujitsu/ac valid: 2 0 0 0 1 1 255 251
fujitsu/controller valid: 3 0 0 0 2 16 2 255 232
fujitsu/ac valid: 3 0 0 0 5 1 16 2 1 44 255 183
fujitsu/controller valid: 3 0 0 0 38 17 0 17 1 17 2 17 3 17 4 17 5 17 6 17 7 17 8 17 9 17 32 17 33 17 68 18 0 18 1 18 2 18 3 18 4 17 65 253 145
fujitsu/ac valid: 3 0 0 0 77 1 17 0 0 0 17 1 0 0 17 2 255 255 17 3 255 255 17 4 255 255 17 5 255 255 17 6 255 255 17 7 255 255 17 8 0 1 17 9 0 0 17 32 0 0 17 33 0 0 17 68 255 255 18 0 0 0 18 1 0 0 18 2 0 0 18 3 0 0 18 4 0 0 17 65 255 255 237 120
fujitsu/controller valid: 3 0 0 0 24 20 0 20 1 20 2 20 3 20 4 20 5 20 6 20 14 32 0 32 32 32 33 240 1 253 143
fujitsu/ac valid: 3 0 0 0 49 1 20 0 0 0 20 1 0 0 20 2 0 0 20 3 0 0 20 4 0 0 20 5 0 0 20 6 0 0 20 14 0 0 32 0 255 255 32 32 27 88 32 33 0 0 240 1 0 0 251 4
fujitsu/controller valid: 3 0 0 0 26 16 0 16 1 16 2 16 3 16 16 16 17 16 160 16 34 16 35 16 169 16 49 16 51 16 52 252 197
fujitsu/ac valid: 3 0 0 0 53 1 16 0 0 1 16 1 0 1 16 2 1 44 16 3 0 0 16 16 0 1 16 17 0 0 16 160 0 1 16 34 255 255 16 35 255 255 16 169 255 255 16 49 0 0 16 51 29 126 16 52 0 0 245 227
fujitsu/controller valid: 3 0 0 0 38 17 0 17 1 17 2 17 3 17 4 17 5 17 6 17 7 17 8 17 9 17 32 17 33 17 68 18 0 18 1 18 2 18 3 18 4 17 65 253 145
fujitsu/ac valid: 3 0 0 0 77 1 17 0 0 0 17 1 0 0 17 2 255 255 17 3 255 255 17 4 255 255 17 5 255 255 17 6 255 255 17 7 255 255 17 8 0 1 17 9 0 0 17 32 0 0 17 33 0 0 17 68 255 255 18 0 0 0 18 1 0 0 18 2 0 0 18 3 0 0 18 4 0 0 17 65 255 255 237 120
fujitsu/controller valid: 3 0 0 0 24 20 0 20 1 20 2 20 3 20 4 20 5 20 6 20 14 32 0 32 32 32 33 240 1 253 143
fujitsu/ac valid: 3 0 0 0 49 1 20 0 0 0 20 1 0 0 20 2 0 0 20 3 0 0 20 4 0 0 20 5 0 0 20 6 0 0 20 14 0 0 32 0 255 255 32 32 27 88 32 33 0 0 240 1 0 0 251 4
fujitsu/controller valid: 3 0 0 0 26 16 0 16 1 16 2 16 3 16 16 16 17 16 160 16 34 16 35 16 169 16 49 16 51 16 52 252 197
fujitsu/ac valid: 3 0 0 0 53 1 16 0 0 1 16 1 0 1 16 2 1 44 16 3 0 0 16 16 0 1 16 17 0 0 16 160 0 1 16 34 255 255 16 35 255 255 16 169 255 255 16 49 0 0 16 51 29 126 16 52 0 0 245 227
fujitsu/controller valid: 3 0 0 0 38 17 0 17 1 17 2 17 3 17 4 17 5 17 6 17 7 17 8 17 9 17 32 17 33 17 68 18 0 18 1 18 2 18 3 18 4 17 65 253 145
fujitsu/ac valid: 3 0 0 0 77 1 17 0 0 0 17 1 0 0 17 2 255 255 17 3 255 255 17 4 255 255 17 5 255 255 17 6 255 255 17 7 255 255 17 8 0 1 17 9 0 0 17 32 0 0 17 33 0 0 17 68 255 255 18 0 0 0 18 1 0 0 18 2 0 0 18 3 0 0 18 4 0 0 17 65 255 255 237 120
fujitsu/controller valid: 3 0 0 0 24 20 0 20 1 20 2 20 3 20 4 20 5 20 6 20 14 32 0 32 32 32 33 240 1 253 143
fujitsu/ac valid: 3 0 0 0 49 1 20 0 0 0 20 1 0 0 20 2 0 0 20 3 0 0 20 4 0 0 20 5 0 0 20 6 0 0 20 14 0 0 32 0 255 255 32 32 27 88 32 33 0 0 240 1 0 0 251 4
fujitsu/controller valid: 3 0 0 0 26 16 0 16 1 16 2 16 3 16 16 16 17 16 160 16 34 16 35 16 169 16 49 16 51 16 52 252 197
fujitsu/ac valid: 3 0 0 0 53 1 16 0 0 1 16 1 0 1 16 2 1 44 16 3 0 0 16 16 0 1 16 17 0 0 16 160 0 1 16 34 255 255 16 35 255 255 16 169 255 255 16 49 0 0 16 51 29 126 16 52 0 0 245 227
