on ijungta su pulteliu

fujitsu/controller 
fujitsu/controller valid: 0 0 0 0 4 0 0 0 0 255 251
fujitsu/ac valid: 0 0 0 0 1 1 255 253

fujitsu/controller valid: 1 0 0 0 4 0 4 0 1 255 245
fujitsu/ac valid: 1 0 0 0 1 1 255 252



fujitsu/controller valid: 3 0 0 0 4 0 1 1 1 255 245
fujitsu/ac valid: 3 0 0 0 9 1 0 1 0 0 1 1 0 0 255 239

fujitsu/controller valid: 3 0 0 0 28 1 16 1 17 1 18 1 19 1 20 1 21 1 23 1 26 1 29 1 32 1 48 1 49 1 66 1 67 254 15
fujitsu/ac valid: 3 0 0 0 57 1 1 16 0 1 1 17 0 1 1 18 0 1 1 19 0 1 1 20 0 1 1 21 0 1 1 23 0 1 1 26 0 1 1 29 0 1 1 32 0 1 1 48 0 6 1 49 0 1 1 66 0 0 1 67 0 0 253 224

fujitsu/controller valid: 3 0 0 0 20 1 80 1 81 1 82 1 83 1 84 1 85 1 86 1 112 1 113 1 147 252 37
fujitsu/ac valid: 3 0 0 0 41 1 1 80 0 1 1 81 0 1 1 82 0 0 1 83 0 1 1 84 0 0 1 85 0 0 1 86 0 0 1 112 0 1 1 113 0 1 1 147 0 0 252 10







fujitsu/controller valid: 3 0 0 0 26 16 0 16 1 16 2 16 3 16 16 16 17 16 160 16 34 16 35 16 169 16 49 16 51 16 52 252 197
fujitsu/ac valid: 3 0 0 0 53 1 16 0 0 1 16 1 0 1 16 2 0 250 16 3 0 2 16 16 0 1 16 17 0 0 16 160 0 1 16 34 255 255 16 35 255 255 16 169 255 255 16 49 1 129 16 51 29 151 16 52 0 0 244 121
fujitsu/controller valid: 3 0 0 0 38 17 0 17 1 17 2 17 3 17 4 17 5 17 6 17 7 17 8 17 9 17 32 17 33 17 68 18 0 18 1 18 2 18 3 18 4 17 65 253 145
fujitsu/ac valid: 3 0 0 0 77 1 17 0 0 0 17 1 0 0 17 2 255 255 17 3 255 255 17 4 255 255 17 5 255 255 17 6 255 255 17 7 255 255 17 8 0 1 17 9 0 0 17 32 0 0 17 33 0 0 17 68 255 255 18 0 0 0 18 1 0 0 18 2 0 0 18 3 0 0 18 4 0 0 17 65 255 255 237 120
fujitsu/controller valid: 3 0 0 0 24 20 0 20 1 20 2 20 3 20 4 20 5 20 6 20 14 32 0 32 32 32 33 240 1 253 143
fujitsu/ac valid: 3 0 0 0 49 1 20 0 0 0 20 1 0 0 20 2 0 0 20 3 0 0 20 4 0 0 20 5 0 0 20 6 0 0 20 14 0 0 32 0 255 255 32 32 25 100 32 33 0 0 240 1 0 0 250 250
fujitsu/controller valid: 3 0 0 0 26 16 0 16 1 16 2 16 3 16 16 16 17 16 160 16 34 16 35 16 169 16 49 16 51 16 52 252 197
fujitsu/ac valid: 3 0 0 0 53 1 16 0 0 1 16 1 0 1 16 2 0 250 16 3 0 2 16 16 0 1 16 17 0 0 16 160 0 1 16 34 255 255 16 35 255 255 16 169 255 255 16 49 0 0 16 51 29 151 16 52 0 0 244 251
fujitsu/controller valid: 3 0 0 0 38 17 0 17 1 17 2 17 3 17 4 17 5 17 6 17 7 17 8 17 9 17 32 17 33 17 68 18 0 18 1 18 2 18 3 18 4 17 65 253 145
fujitsu/ac valid: 3 0 0 0 77 1 17 0 0 0 17 1 0 0 17 2 255 255 17 3 255 255 17 4 255 255 17 5 255 255 17 6 255 255 17 7 255 255 17 8 0 1 17 9 0 0 17 32 0 0 17 33 0 0 17 68 255 255 18 0 0 0 18 1 0 0 18 2 0 0 18 3 0 0 18 4 0 0 17 65 255 255 237 120
fujitsu/controller valid: 3 0 0 0 24 20 0 20 1 20 2 20 3 20 4 20 5 20 6 20 14 32 0 32 32 32 33 240 1 253 143
fujitsu/ac valid: 3 0 0 0 49 1 20 0 0 0 20 1 0 0 20 2 0 0 20 3 0 0 20 4 0 0 20 5 0 0 20 6 0 0 20 14 0 0 32 0 255 255 32 32 25 100 32 33 0 0 240 1 0 0 250 250
fujitsu/controller valid: 3 0 0 0 26 16 0 16 1 16 2 16 3 16 16 16 17 16 160 16 34 16 35 16 169 16 49 16 51 16 52 252 197
fujitsu/ac valid: 3 0 0 0 53 1 16 0 0 1 16 1 0 1 16 2 0 250 16 3 0 2 16 16 0 1 16 17 0 0 16 160 0 1 16 34 255 255 16 35 255 255 16 169 255 255 16 49 0 0 16 51 29 151 16 52 0 0 244 251
fujitsu/controller valid: 3 0 0 0 38 17 0 17 1 17 2 17 3 17 4 17 5 17 6 17 7 17 8 17 9 17 32 17 33 17 68 18 0 18 1 18 2 18 3 18 4 17 65 253 145
fujitsu/ac valid: 3 0 0 0 77 1 17 0 0 0 17 1 0 0 17 2 255 255 17 3 255 255 17 4 255 255 17 5 255 255 17 6 255 255 17 7 255 255 17 8 0 1 17 9 0 0 17 32 0 0 17 33 0 0 17 68 255 255 18 0 0 0 18 1 0 0 18 2 0 0 18 3 0 0 18 4 0 0 17 65 255 255 237 120
fujitsu/controller valid: 3 0 0 0 24 20 0 20 1 20 2 20 3 20 4 20 5 20 6 20 14 32 0 32 32 32 33 240 1 253 143
fujitsu/ac valid: 3 0 0 0 49 1 20 0 0 0 20 1 0 0 20 2 0 0 20 3 0 0 20 4 0 0 20 5 0 0 20 6 0 0 20 14 0 0 32 0 255 255 32 32 25 100 32 33 0 0 240 1 0 0 250 250
fujitsu/controller valid: 3 0 0 0 26 16 0 16 1 16 2 16 3 16 16 16 17 16 160 16 34 16 35 16 169 16 49 16 51 16 52 252 197
fujitsu/ac valid: 3 0 0 0 53 1 16 0 0 1 16 1 0 1 16 2 0 250 16 3 0 2 16 16 0 1 16 17 0 0 16 160 0 1 16 34 255 255 16 35 255 255 16 169 255 255 16 49 0 0 16 51 29 151 16 52 0 0 244 251
fujitsu/controller valid: 3 0 0 0 38 17 0 17 1 17 2 17 3 17 4 17 5 17 6 17 7 17 8 17 9 17 32 17 33 17 68 18 0 18 1 18 2 18 3 18 4 17 65 253 145
fujitsu/ac valid: 3 0 0 0 77 1 17 0 0 0 17 1 0 0 17 2 255 255 17 3 255 255 17 4 255 255 17 5 255 255 17 6 255 255 17 7 255 255 17 8 0 1 17 9 0 0 17 32 0 0 17 33 0 0 17 68 255 255 18 0 0 0 18 1 0 0 18 2 0 0 18 3 0 0 18 4 0 0 17 65 255 255 237 120
fujitsu/controller valid: 3 0 0 0 24 20 0 20 1 20 2 20 3 20 4 20 5 20 6 20 14 32 0 32 32 32 33 240 1 253 143
fujitsu/ac valid: 3 0 0 0 49 1 20 0 0 0 20 1 0 0 20 2 0 0 20 3 0 0 20 4 0 0 20 5 0 0 20 6 0 0 20 14 0 0 32 0 255 255 32 32 25 100 32 33 0 0 240 1 0 0 250 250
fujitsu/controller valid: 3 0 0 0 26 16 0 16 1 16 2 16 3 16 16 16 17 16 160 16 34 16 35 16 169 16 49 16 51 16 52 252 197
fujitsu/ac valid: 3 0 0 0 53 1 16 0 0 1 16 1 0 1 16 2 0 250 16 3 0 2 16 16 0 1 16 17 0 0 16 160 0 1 16 34 255 255 16 35 255 255 16 169 255 255 16 49 0 0 16 51 29 151 16 52 0 0 244 251
fujitsu/controller valid: 3 0 0 0 38 17 0 17 1 17 2 17 3 17 4 17 5 17 6 17 7 17 8 17 9 17 32 17 33 17 68 18 0 18 1 18 2 18 3 18 4 17 65 253 145
fujitsu/ac valid: 3 0 0 0 77 1 17 0 0 0 17 1 0 0 17 2 255 255 17 3 255 255 17 4 255 255 17 5 255 255 17 6 255 255 17 7 255 255 17 8 0 1 17 9 0 0 17 32 0 0 17 33 0 0 17 68 255 255 18 0 0 0 18 1 0 0 18 2 0 0 18 3 0 0 18 4 0 0 17 65 255 255 237 120
fujitsu/controller valid: 3 0 0 0 24 20 0 20 1 20 2 20 3 20 4 20 5 20 6 20 14 32 0 32 32 32 33 240 1 253 143
fujitsu/ac valid: 3 0 0 0 49 1 20 0 0 0 20 1 0 0 20 2 0 0 20 3 0 0 20 4 0 0 20 5 0 0 20 6 0 0 20 14 0 0 32 0 255 255 32 32 25 100 32 33 0 0 240 1 0 0 250 250
