vertical airflow:
1 -> 2 -> 3 -> 4

2 0 0 0 8 10 11 0 0 10 10 0 1 FF B3
2 0 0 0 8 10 11 0 0 10 10 0 2 FF B2
2 0 0 0 8 10 11 0 0 10 10 0 3 FF B1
2 0 0 0 8 10 11 0 0 10 10 0 4 FF B0

vertical swing:
on
2 0 0 0 4 10 11 0 1 FF D7
off
2 0 0 0 4 10 11 0 0 FF D8

horizontal airflow:
1 -> 2 -> 3 -> 4 -> 5
2 0 0 0 8 10 23 0 0 10 22 0 1 FF 8F
2 0 0 0 8 10 23 0 0 10 22 0 2 FF 8E
2 0 0 0 8 10 23 0 0 10 22 0 3 FF 8D
2 0 0 0 8 10 23 0 0 10 22 0 4 FF 8C
2 0 0 0 8 10 23 0 0 10 22 0 5 FF 8B

horizontal swing 
on
2 0 0 0 4 10 23 0 1 FF C5
off
2 0 0 0 4 10 23 0 0 FF C6



human sensor
on
2 0 0 0 4 11 2 0 1 FF E5
off
2 0 0 0 4 11 2 0 0 FF E6
